\BOOKMARK [-1][-]{chapter*.2}{\376\377\000I\000n\000t\000r\000o\000d\000u\000c\000t\000i\000o\000n}{}% 1
\BOOKMARK [0][-]{chapter.1}{\376\377\016\001\016\063\016\053\016\031\016\024\016\001\016\062\016\043\016\100\016\012\016\064\016\007\016\100\016\052\016\111\016\031\000\040\000\050\000L\000i\000n\000e\000a\000r\000\040\000P\000r\000o\000g\000r\000a\000m\000m\000i\000n\000g\000\051}{chapter*.2}% 2
\BOOKMARK [1][-]{section.1.1}{\376\377\016\004\016\047\016\062\016\041\016\053\016\041\016\062\016\042\016\002\016\055\016\007\016\001\016\062\016\043\016\001\016\063\016\053\016\031\016\024\016\001\016\062\016\043\016\100\016\012\016\064\016\007\016\100\016\052\016\111\016\031\000\040\016\101\016\045\016\060\016\001\016\062\016\043\016\052\016\043\016\111\016\062\016\007\016\025\016\061\016\047\016\101\016\032\016\032}{chapter.1}% 3
\BOOKMARK [2][-]{subsection.1.1.1}{\376\377\016\045\016\061\016\001\016\051\016\023\016\060\016\002\016\055\016\007\016\033\016\061\016\015\016\053\016\062\016\027\016\065\016\110\016\052\016\062\016\041\016\062\016\043\016\026\016\100\016\002\016\065\016\042\016\031\016\055\016\042\016\071\016\110\016\103\016\031\016\043\016\071\016\033\016\001\016\063\016\053\016\031\016\024\016\001\016\062\016\043\016\100\016\012\016\064\016\007\016\100\016\052\016\111\016\031\016\104\016\024\016\111}{section.1.1}% 4
\BOOKMARK [2][-]{subsection.1.1.2}{\376\377\016\001\016\062\016\043\016\052\016\043\016\111\016\062\016\007\016\025\016\061\016\047\016\101\016\032\016\032\016\001\016\063\016\053\016\031\016\024\016\001\016\062\016\043\016\100\016\012\016\064\016\007\016\100\016\052\016\111\016\031}{section.1.1}% 5
\BOOKMARK [1][-]{section.1.2}{\376\377\016\101\016\031\016\047\016\004\016\064\016\024\016\036\016\067\016\111\016\031\016\020\016\062\016\031\016\001\016\062\016\043\016\053\016\062\016\034\016\045\016\100\016\011\016\045\016\042\016\024\016\111\016\047\016\042\016\001\016\043\016\062\016\037}{chapter.1}% 6
\BOOKMARK [2][-]{subsection.1.2.1}{\376\377\016\001\016\043\016\023\016\065\000\040\0001\000\040\016\025\016\061\016\047\016\101\016\033\016\043\016\025\016\061\016\024\016\052\016\064\016\031\016\103\016\010}{section.1.2}% 7
\BOOKMARK [2][-]{subsection.1.2.2}{\376\377\016\001\016\043\016\023\016\065\000\040\0002\000\040\016\025\016\061\016\047\016\101\016\033\016\043\016\025\016\061\016\024\016\052\016\064\016\031\016\103\016\010\000:\000\040\016\037\016\061\016\007\016\001\016\114\016\012\016\061\016\031\016\010\016\070\016\024\016\033\016\043\016\060\016\052\016\007\016\004\016\114\016\100\016\033\016\107\016\031\016\043\016\060\016\031\016\062\016\032\000\040\0003\000\040\016\041\016\064\016\025\016\064\016\032\016\031\016\032\016\043\016\064\016\100\016\047\016\023\016\034\016\045\016\100\016\011\016\045\016\042\000\040\0002\000\040\016\041\016\064\016\025\016\064}{section.1.2}% 8
\BOOKMARK [1][-]{section.1.3}{\376\377\016\101\016\031\016\047\016\004\016\064\016\024\016\100\016\032\016\067\016\111\016\055\016\007\016\025\016\111\016\031\016\002\016\055\016\007\016\047\016\064\016\030\016\065\016\013\016\064\016\041\016\100\016\036\016\045\016\107\016\001\016\013\016\114\000\040\000\050\000S\000i\000m\000p\000l\000e\000x\000\051}{chapter.1}% 9
\BOOKMARK [2][-]{subsection.1.3.1}{\376\377\000S\000i\000m\000p\000l\000e\000x\000\040\000M\000e\000t\000h\000o\000d\000\040\000A\000l\000g\000o\000r\000i\000t\000h\000m}{section.1.3}% 10
\BOOKMARK [1][-]{section.1.4}{\376\377\016\001\016\062\016\043\016\101\016\001\016\111\016\033\016\061\016\015\016\053\016\062\016\024\016\111\016\047\016\042\000\040\000E\000x\000c\000e\000l\000\040\000S\000o\000l\000v\000e\000r}{chapter.1}% 11
\BOOKMARK [0][-]{chapter.2}{\376\377\016\027\016\044\016\051\016\016\016\065\016\001\016\062\016\043\016\025\016\061\016\024\016\052\016\064\016\031\016\103\016\010\000\040\000\050\000D\000e\000c\000i\000s\000i\000o\000n\000\040\000T\000h\000e\000o\000r\000y\000\051}{chapter*.2}% 12
\BOOKMARK [1][-]{section.2.1}{\376\377\016\045\016\061\016\001\016\051\016\023\016\060\016\001\016\062\016\043\016\101\016\052\016\024\016\007\016\002\016\111\016\055\016\041\016\071\016\045}{chapter.2}% 13
\BOOKMARK [1][-]{section.2.2}{\376\377\016\001\016\062\016\043\016\025\016\061\016\024\016\052\016\064\016\031\016\103\016\010\016\040\016\062\016\042\016\103\016\025\016\111\016\052\016\040\016\062\016\047\016\060\016\004\016\047\016\062\016\041\016\101\016\031\016\110\016\031\016\055\016\031}{chapter.2}% 14
\BOOKMARK [1][-]{section.2.3}{\376\377\016\001\016\062\016\043\016\025\016\061\016\024\016\052\016\064\016\031\016\103\016\010\016\040\016\062\016\042\016\103\016\025\016\111\016\052\016\040\016\062\016\047\016\060\016\004\016\047\016\062\016\041\016\100\016\052\016\065\016\110\016\042\016\007}{chapter.2}% 15
\BOOKMARK [2][-]{subsection.2.3.1}{\376\377\016\004\016\110\016\062\016\004\016\062\016\024\016\053\016\047\016\061\016\007\000\040\000\050\000E\000x\000p\000e\000c\000t\000e\000d\000\040\000V\000a\000l\000u\000e\000\051}{section.2.3}% 16
\BOOKMARK [2][-]{subsection.2.3.2}{\376\377\016\100\016\001\016\023\016\021\016\114\016\034\016\045\016\025\016\055\016\032\016\101\016\027\016\031}{section.2.3}% 17
\BOOKMARK [2][-]{subsection.2.3.3}{\376\377\016\100\016\001\016\023\016\021\016\114\016\004\016\110\016\062\016\100\016\052\016\065\016\042\016\102\016\055\016\001\016\062\016\052\000\040\000\050\000o\000p\000p\000o\000r\000t\000u\000n\000i\000t\000y\000\040\000l\000o\000s\000s\000\051}{section.2.3}% 18
\BOOKMARK [2][-]{subsection.2.3.4}{\376\377\016\004\016\110\016\062\016\004\016\062\016\024\016\053\016\047\016\061\016\007\016\002\016\055\016\007\016\002\016\110\016\062\016\047\016\052\016\062\016\043\016\027\016\065\016\110\016\052\016\041\016\032\016\071\016\043\016\023\016\114}{section.2.3}% 19
\BOOKMARK [1][-]{section.2.4}{\376\377\016\001\016\062\016\043\016\025\016\061\016\024\016\052\016\064\016\031\016\103\016\010\016\040\016\062\016\042\016\103\016\025\016\111\016\052\016\040\016\062\016\047\016\060\016\027\016\065\016\110\016\104\016\041\016\110\016\101\016\031\016\110\016\031\016\055\016\031}{chapter.2}% 20
\BOOKMARK [1][-]{section.2.5}{\376\377\016\001\016\062\016\043\016\103\016\012\016\111\016\025\016\111\016\031\016\104\016\041\016\111\016\001\016\062\016\043\016\025\016\061\016\024\016\052\016\064\016\031\016\103\016\010}{chapter.2}% 21
\BOOKMARK [2][-]{subsection.2.5.1}{\376\377\016\001\016\062\016\043\016\004\016\064\016\024\016\004\016\110\016\062\016\004\016\062\016\024\016\053\016\047\016\061\016\007\016\024\016\111\016\047\016\042\016\101\016\034\016\031\016\040\016\062\016\036\016\025\016\111\016\031\016\104\016\041\016\111\016\004\016\047\016\062\016\041\016\031\016\110\016\062\016\010\016\060\016\100\016\033\016\107\016\031\016\002\016\055\016\007\016\100\016\053\016\025\016\070\016\001\016\062\016\043\016\023\016\114}{section.2.5}% 22
\BOOKMARK [2][-]{subsection.2.5.2}{\376\377\016\100\016\041\016\067\016\110\016\055\016\041\016\065\016\025\016\061\016\047\016\100\016\045\016\067\016\055\016\001\016\100\016\002\016\111\016\062\016\041\016\062\016\100\016\001\016\065\016\110\016\042\016\047\016\002\016\111\016\055\016\007}{section.2.5}% 23
\BOOKMARK [1][-]{section.2.6}{\376\377\016\001\016\062\016\043\016\103\016\012\016\111\016\102\016\033\016\043\016\101\016\001\016\043\016\041\000\040\000Q\000M\000\040\000f\000o\000r\000\040\000W\000i\000n\000d\000o\000w\000s}{chapter.2}% 24
\BOOKMARK [0][-]{chapter.3}{\376\377\016\027\016\044\016\051\016\016\016\065\016\001\016\062\016\043\016\010\016\063\016\045\016\055\016\007\016\052\016\026\016\062\016\031\016\001\016\062\016\043\016\023\016\114\000\040\000\050\000S\000i\000m\000u\000l\000a\000t\000i\000o\000n\000\051}{chapter*.2}% 25
\BOOKMARK [1][-]{section.3.1}{\376\377\016\101\016\031\016\047\016\004\016\064\016\024\016\100\016\032\016\067\016\111\016\055\016\007\016\025\016\111\016\031\016\002\016\055\016\007\016\001\016\062\016\043\016\010\016\063\016\045\016\055\016\007}{chapter.3}% 26
\BOOKMARK [2][-]{subsection.3.1.1}{\376\377\016\001\016\043\016\023\016\065\016\025\016\061\016\047\016\055\016\042\016\110\016\062\016\007\000:\000\040\016\001\016\062\016\043\016\053\016\062\016\004\016\110\016\062\000\040}{section.3.1}% 27
\BOOKMARK [1][-]{section.3.2}{\376\377\016\025\016\061\016\047\016\101\016\032\016\032\016\101\016\045\016\060\016\002\016\061\016\111\016\031\016\025\016\055\016\031\016\001\016\062\016\043\016\010\016\063\016\045\016\055\016\007\016\052\016\026\016\062\016\031\016\001\016\062\016\043\016\023\016\114\000\040\000\050\000S\000i\000m\000u\000l\000a\000t\000i\000o\000n\000\040\000P\000r\000o\000c\000e\000s\000s\000\051}{chapter.3}% 28
\BOOKMARK [1][-]{section.3.3}{\376\377\016\001\016\062\016\043\016\052\016\070\016\110\016\041\016\025\016\061\016\047\016\055\016\042\016\110\016\062\016\007\016\101\016\032\016\032\000\040\000M\000o\000n\000t\000e\000\040\000C\000a\000r\000l\000o\000\040\016\103\016\031\016\001\016\062\016\043\016\010\016\063\016\045\016\055\016\007\016\052\016\026\016\062\016\031\016\001\016\062\016\043\016\023\016\114\016\103\016\031\016\030\016\070\016\043\016\001\016\064\016\010}{chapter.3}% 29
\BOOKMARK [0][-]{chapter.4}{\376\377\016\001\016\062\016\043\016\047\016\064\016\100\016\004\016\043\016\062\016\060\016\053\016\114\016\100\016\012\016\064\016\007\016\041\016\062\016\043\016\114\016\004\016\055\016\037\000\040\000\050\000M\000a\000r\000k\000o\000v\000\040\000A\000n\000a\000l\000y\000s\000i\000s\000\051}{chapter*.2}% 30
\BOOKMARK [1][-]{section.4.1}{\376\377\016\045\016\061\016\001\016\051\016\023\016\060\016\002\016\055\016\007\016\033\016\061\016\015\016\053\016\062\016\027\016\065\016\110\016\103\016\012\016\111\016\025\016\061\016\047\016\101\016\032\016\032\016\041\016\062\016\043\016\114\016\004\016\055\016\037\016\101\016\001\016\111\016\033\016\061\016\015\016\053\016\062}{chapter.4}% 31
\BOOKMARK [1][-]{section.4.2}{\376\377\016\004\016\023\016\064\016\025\016\050\016\062\016\052\016\025\016\043\016\114\016\052\016\063\016\053\016\043\016\061\016\032\016\025\016\061\016\047\016\101\016\032\016\032\016\041\016\062\016\043\016\114\016\004\016\055\016\037}{chapter.4}% 32
\BOOKMARK [1][-]{section.4.3}{\376\377\016\001\016\062\016\043\016\047\016\064\016\100\016\004\016\043\016\062\016\060\016\053\016\114\016\052\016\026\016\062\016\031\016\060\016\004\016\007\016\027\016\065\016\110\016\110}{chapter.4}% 33
\BOOKMARK [1][-]{section.4.4}{\376\377\016\001\016\062\016\043\016\004\016\063\016\031\016\047\016\023\000\040\000M\000a\000r\000k\000o\000v\000\040\016\102\016\024\016\042\016\103\016\012\016\111\000\040\000E\000x\000c\000e\000l}{chapter.4}% 34
\BOOKMARK [1][-]{section.4.5}{\376\377\016\053\016\061\016\047\016\002\016\111\016\055\016\036\016\064\016\100\016\050\016\051\000:\000\040\016\001\016\062\016\043\016\004\016\071\016\023\016\100\016\041\016\027\016\043\016\064\016\001\016\013\016\114\016\001\016\061\016\032\016\100\016\041\016\027\016\043\016\064\016\001\016\013\016\114\016\103\016\031\016\041\016\070\016\041\016\041\016\055\016\007\016\002\016\055\016\007\016\041\016\062\016\043\016\114\016\004\016\055\016\037}{chapter.4}% 35
\BOOKMARK [0][-]{chapter.5}{\376\377\016\001\016\062\016\043\016\036\016\042\016\062\016\001\016\043\016\023\016\114\000\040\000\050\000F\000o\000r\000e\000c\000a\000s\000t\000i\000n\000g\000\051}{chapter*.2}% 36
\BOOKMARK [1][-]{section.5.1}{\376\377\016\025\016\061\016\047\016\101\016\032\016\032\016\055\016\031\016\070\016\001\016\043\016\041\016\100\016\047\016\045\016\062}{chapter.5}% 37
\BOOKMARK [2][-]{subsection.5.1.1}{\376\377\016\047\016\064\016\030\016\065\016\001\016\062\016\043\016\004\016\110\016\062\016\100\016\011\016\045\016\065\016\110\016\042\016\043\016\047\016\041}{section.5.1}% 38
\BOOKMARK [2][-]{subsection.5.1.2}{\376\377\016\047\016\064\016\030\016\065\016\004\016\110\016\062\016\100\016\011\016\045\016\065\016\110\016\042\016\100\016\004\016\045\016\067\016\110\016\055\016\031\016\027\016\065\016\110\000\040\000\050\000M\000o\000v\000i\000n\000g\000\040\000A\000v\000e\000r\000a\000g\000e\000\051}{section.5.1}% 39
\BOOKMARK [2][-]{subsection.5.1.3}{\376\377\016\047\016\064\016\030\016\065\016\004\016\110\016\062\016\100\016\011\016\045\016\065\016\110\016\042\016\100\016\004\016\045\016\067\016\110\016\055\016\031\016\027\016\065\016\110\016\026\016\110\016\047\016\007\016\031\016\111\016\063\016\053\016\031\016\061\016\001\000\040\000\050\000W\000e\000i\000g\000h\000t\000e\000d\000\040\000M\000o\000v\000i\000n\000g\000\040\000A\000v\000e\000r\000a\000g\000e\000\051}{section.5.1}% 40
\BOOKMARK [2][-]{subsection.5.1.4}{\376\377\016\047\016\064\016\030\016\065\016\033\016\043\016\061\016\032\016\100\016\043\016\065\016\042\016\032\016\101\016\032\016\032\016\100\016\055\016\001\016\013\016\114\016\102\016\036\016\100\016\031\016\100\016\012\016\065\016\042\016\045\000\040\000\050\000e\000x\000p\000o\000n\000e\000n\000t\000i\000a\000l\000\040\000s\000m\000o\000o\000t\000h\000i\000n\000g\000\051}{section.5.1}% 41
\BOOKMARK [1][-]{section.5.2}{\376\377\016\025\016\061\016\047\016\101\016\032\016\032\016\001\016\062\016\043\016\026\016\024\016\026\016\055\016\042\016\100\016\012\016\064\016\007\016\100\016\052\016\111\016\031}{chapter.5}% 42
\BOOKMARK [1][-]{section.5.3}{\376\377\016\001\016\062\016\043\016\033\016\043\016\060\016\100\016\041\016\064\016\023\016\034\016\045\016\004\016\047\016\062\016\041\016\101\016\041\016\110\016\031\016\042\016\063\016\103\016\031\016\001\016\062\016\043\016\027\016\063\016\031\016\062\016\042}{chapter.5}% 43
\BOOKMARK [1][-]{section.5.4}{\376\377\016\001\016\062\016\043\016\103\016\012\016\111\000\040\000E\000x\000c\000e\000l\000\040\016\100\016\036\016\067\016\110\016\055\016\012\016\110\016\047\016\042\016\004\016\063\016\031\016\047\016\023\016\053\016\062\016\025\016\061\016\047\016\101\016\032\016\032\016\025\016\110\016\062\016\007\000\040\016\106}{chapter.5}% 44
\BOOKMARK [0][-]{chapter.6}{\376\377\016\027\016\044\016\051\016\016\016\065\016\100\016\001\016\041\000\040\000\050\000G\000a\000m\000e\000\040\000T\000h\000e\000o\000r\000y\000\051}{chapter*.2}% 45
\BOOKMARK [1][-]{section.6.1}{\376\377\016\032\016\027\016\031\016\063}{chapter.6}% 46
\BOOKMARK [2][-]{subsection.6.1.1}{\376\377\016\004\016\047\016\062\016\041\016\053\016\041\016\062\016\042\016\002\016\055\016\007\016\100\016\001\016\041}{section.6.1}% 47
\BOOKMARK [2][-]{subsection.6.1.2}{\376\377\016\010\016\070\016\024\016\101\016\025\016\001\016\025\016\110\016\062\016\007\016\010\016\062\016\001\016\053\016\061\016\047\016\002\016\111\016\055\016\027\016\044\016\051\016\016\016\065\016\001\016\062\016\043\016\025\016\061\016\024\016\052\016\064\016\031\016\103\016\010}{section.6.1}% 48
\BOOKMARK [1][-]{section.6.2}{\376\377\016\001\016\062\016\043\016\047\016\064\016\100\016\004\016\043\016\062\016\060\016\053\016\114\016\001\016\045\016\042\016\070\016\027\016\030\016\114\016\103\016\031\016\100\016\001\016\041}{chapter.6}% 49
\BOOKMARK [2][-]{subsection.6.2.1}{\376\377\016\101\016\031\016\047\016\004\016\064\016\024\016\036\016\067\016\111\016\031\016\020\016\062\016\031\000:\000\040\000m\000a\000x\000i\000m\000i\000n\000\040\000v\000s\000.\000\040\000m\000i\000n\000i\000m\000a\000x}{section.6.2}% 50
\BOOKMARK [2][-]{subsection.6.2.2}{\376\377\016\001\016\045\016\042\016\070\016\027\016\030\016\114\016\101\016\027\016\111\016\101\016\045\016\060\016\004\016\110\016\062\016\002\016\055\016\007\016\100\016\001\016\041}{section.6.2}% 51
\BOOKMARK [1][-]{section.6.3}{\376\377\016\001\016\062\016\043\016\047\016\064\016\100\016\004\016\043\016\062\016\060\016\053\016\114\016\001\016\045\016\042\016\070\016\027\016\030\016\114\016\034\016\052\016\041}{chapter.6}% 52
\BOOKMARK [1][-]{section.6.4}{\376\377\016\100\016\001\016\023\016\021\016\114\016\001\016\045\016\042\016\070\016\027\016\030\016\114\016\100\016\024\016\110\016\031}{chapter.6}% 53
\BOOKMARK [1][-]{section.6.5}{\376\377\016\001\016\062\016\043\016\010\016\061\016\024\016\043\016\071\016\033\016\033\016\061\016\015\016\053\016\062\016\100\016\001\016\041\016\034\016\045\016\043\016\047\016\041\016\100\016\033\016\107\016\031\016\050\016\071\016\031\016\042\016\114\016\103\016\053\016\111\016\055\016\042\016\071\016\110\016\103\016\031\016\043\016\071\016\033\016\001\016\063\016\053\016\031\016\024\016\001\016\062\016\043\016\100\016\012\016\064\016\007\016\100\016\052\016\111\016\031}{chapter.6}% 54
\BOOKMARK [0][-]{chapter.7}{\376\377\016\025\016\061\016\047\016\101\016\032\016\032\016\101\016\026\016\047\016\004\016\055\016\042\000\040\000\050\000Q\000u\000e\000u\000i\000n\000g\000\040\000T\000h\000e\000o\000r\000y\000\051}{chapter*.2}% 55
\BOOKMARK [1][-]{section.7.1}{\376\377\016\032\016\027\016\031\016\063}{chapter.7}% 56
\BOOKMARK [1][-]{section.7.2}{\376\377\016\102\016\004\016\043\016\007\016\052\016\043\016\111\016\062\016\007\016\002\016\055\016\007\016\043\016\060\016\032\016\032\016\101\016\026\016\047\016\004\016\055\016\042}{chapter.7}% 57
\BOOKMARK [2][-]{subsection.7.2.1}{\376\377\016\045\016\061\016\001\016\051\016\023\016\060\016\002\016\055\016\007\016\045\016\071\016\001\016\004\016\111\016\062}{section.7.2}% 58
\BOOKMARK [2][-]{subsection.7.2.2}{\376\377\016\045\016\061\016\001\016\051\016\023\016\060\016\002\016\055\016\007\016\101\016\026\016\047\016\004\016\055\016\042}{section.7.2}% 59
\BOOKMARK [2][-]{subsection.7.2.3}{\376\377\016\045\016\061\016\001\016\051\016\023\016\060\016\002\016\055\016\007\016\053\016\031\016\110\016\047\016\042\016\103\016\053\016\111\016\032\016\043\016\064\016\001\016\062\016\043}{section.7.2}% 60
\BOOKMARK [1][-]{section.7.3}{\376\377\016\025\016\061\016\047\016\101\016\032\016\032\016\101\016\026\016\047\016\004\016\055\016\042\000\040\000\050\016\100\016\032\016\067\016\111\016\055\016\007\016\025\016\111\016\031\000\051}{chapter.7}% 61
\BOOKMARK [2][-]{subsection.7.3.1}{\376\377\016\025\016\061\016\047\016\101\016\032\016\032\000\040\000M\000/\000M\000/\0001}{section.7.3}% 62
\BOOKMARK [2][-]{subsection.7.3.2}{\376\377\016\025\016\061\016\047\016\101\016\032\016\032\000\040\000M\000/\000M\000/\000s}{section.7.3}% 63
\BOOKMARK [2][-]{subsection.7.3.3}{\376\377\016\025\016\061\016\047\016\101\016\032\016\032\000\040\000M\000/\000G\000/\0001}{section.7.3}% 64
\BOOKMARK [2][-]{subsection.7.3.4}{\376\377\016\025\016\061\016\047\016\101\016\032\016\032\000\040\000M\000/\000D\000/\0001}{section.7.3}% 65
\BOOKMARK [1][-]{section.7.4}{\376\377\016\025\016\061\016\047\016\101\016\032\016\032\016\101\016\026\016\047\016\004\016\055\016\042\000\040\000\050\016\027\016\044\016\051\016\016\016\065\000\051}{chapter.7}% 66
\BOOKMARK [1][-]{section.7.5}{\376\377\016\001\016\062\016\043\016\047\016\064\016\100\016\004\016\043\016\062\016\060\016\053\016\114\016\043\016\060\016\032\016\032\016\101\016\026\016\047\016\004\016\055\016\042\016\100\016\036\016\067\016\110\016\055\016\001\016\062\016\043\016\025\016\061\016\024\016\052\016\064\016\031\016\103\016\010\016\027\016\062\016\007\016\030\016\070\016\043\016\001\016\064\016\010}{chapter.7}% 67
\BOOKMARK [2][-]{subsection.7.5.1}{\376\377\016\001\016\062\016\043\016\001\016\063\016\053\016\031\016\024\016\010\016\063\016\031\016\047\016\031\016\053\016\031\016\110\016\047\016\042\016\032\016\043\016\064\016\001\016\062\016\043}{section.7.5}% 68
\BOOKMARK [2][-]{subsection.7.5.2}{\376\377\016\001\016\062\016\043\016\025\016\061\016\024\016\052\016\064\016\031\016\103\016\010\016\010\016\061\016\024\016\043\016\071\016\033\016\101\016\032\016\032\016\101\016\026\016\047\016\004\016\055\016\042}{section.7.5}% 69
\BOOKMARK [2][-]{subsection.7.5.3}{\376\377\016\001\016\062\016\043\016\025\016\061\016\024\016\052\016\064\016\031\016\103\016\010\016\103\016\031\016\045\016\061\016\001\016\051\016\023\016\060\016\055\016\067\016\110\016\031\000\040\016\106}{section.7.5}% 70
\BOOKMARK [0][-]{chapter.8}{\376\377\016\033\016\061\016\015\016\053\016\062\016\001\016\062\016\043\016\053\016\062\016\004\016\110\016\062\016\100\016\053\016\041\016\062\016\060\016\052\016\070\016\024\016\025\016\110\016\062\016\007\000\040\016\106\000\040\016\103\016\031\016\100\016\012\016\064\016\007\016\030\016\070\016\043\016\001\016\064\016\010\000\040\000\050\000O\000p\000t\000i\000m\000i\000z\000a\000t\000i\000o\000n\000\040\000P\000r\000o\000b\000l\000e\000m\000\040\000i\000n\000\040\000B\000u\000s\000i\000n\000e\000s\000s\000\051}{chapter*.2}% 71
\BOOKMARK [1][-]{section.8.1}{\376\377\000Z\000e\000r\000o\000-\000s\000u\000m\000\040\000g\000a\000m\000e\000\040\000a\000s\000\040\000L\000i\000n\000e\000a\000r\000\040\000P\000r\000o\000g\000r\000a\000m\000m\000i\000n\000g}{chapter.8}% 72
\BOOKMARK [1][-]{section.8.2}{\376\377\000T\000r\000a\000n\000s\000p\000o\000r\000t\000a\000t\000i\000o\000n\000\040\000P\000r\000o\000b\000l\000e\000m}{chapter.8}% 73
\BOOKMARK [1][-]{section.8.3}{\376\377\000S\000c\000h\000e\000d\000u\000l\000i\000n\000g\000\040\000P\000r\000o\000b\000l\000e\000m}{chapter.8}% 74
\BOOKMARK [1][-]{section.8.4}{\376\377\000M\000a\000t\000c\000h\000i\000n\000g\000\040\000P\000r\000o\000b\000l\000e\000m}{chapter.8}% 75
\BOOKMARK [0][-]{appendix.a.A}{\376\377\016\004\016\023\016\064\016\025\016\050\016\062\016\052\016\025\016\043\016\114\016\052\016\063\016\053\016\043\016\061\016\032\016\001\016\062\016\043\016\047\016\064\016\100\016\004\016\043\016\062\016\060\016\053\016\114\016\100\016\012\016\064\016\007\016\033\016\043\016\064\016\041\016\062\016\023}{chapter*.2}% 76
\BOOKMARK [1][-]{section.a.A.1}{\376\377\016\043\016\060\016\032\016\032\016\052\016\041\016\001\016\062\016\043\016\100\016\012\016\064\016\007\016\100\016\052\016\111\016\031}{appendix.a.A}% 77
\BOOKMARK [2][-]{subsection.a.A.1.1}{\376\377\016\037\016\061\016\007\016\001\016\114\016\012\016\061\016\031\016\100\016\012\016\064\016\007\016\100\016\052\016\111\016\031\016\101\016\045\016\060\016\052\016\041\016\001\016\062\016\043\016\100\016\012\016\064\016\007\016\100\016\052\016\111\016\031}{section.a.A.1}% 78
\BOOKMARK [2][-]{subsection.a.A.1.2}{\376\377\016\043\016\060\016\032\016\032\016\052\016\041\016\001\016\062\016\043\016\100\016\012\016\064\016\007\016\100\016\052\016\111\016\031\000:\000\040\016\004\016\047\016\062\016\041\016\053\016\041\016\062\016\042\016\100\016\012\016\064\016\007\016\043\016\071\016\033\016\040\016\062\016\036\016\002\016\055\016\007\016\001\016\062\016\043\016\101\016\001\016\111\016\052\016\041\016\001\016\062\016\043}{section.a.A.1}% 79
\BOOKMARK [2][-]{subsection.a.A.1.3}{\376\377\016\055\016\052\016\041\016\001\016\062\016\043\016\100\016\012\016\064\016\007\016\100\016\052\016\111\016\031\000\040\016\101\016\045\016\060\016\001\016\062\016\043\016\047\016\062\016\024\016\001\016\043\016\062\016\037\016\002\016\055\016\007\016\055\016\052\016\041\016\001\016\062\016\043\016\100\016\012\016\064\016\007\016\100\016\052\016\111\016\031}{section.a.A.1}% 80
\BOOKMARK [1][-]{section.a.A.2}{\376\377\016\001\016\062\016\043\016\024\016\063\016\100\016\031\016\064\016\031\016\001\016\062\016\043\016\032\016\031\016\100\016\041\016\027\016\043\016\064\016\001\016\013\016\114}{appendix.a.A}% 81
\BOOKMARK [2][-]{subsection.a.A.2.1}{\376\377\016\100\016\041\016\027\016\043\016\064\016\001\016\013\016\114}{section.a.A.2}% 82
\BOOKMARK [2][-]{subsection.a.A.2.2}{\376\377\016\001\016\062\016\043\016\004\016\071\016\023\016\100\016\041\016\027\016\043\016\064\016\001\016\013\016\114}{section.a.A.2}% 83
\BOOKMARK [2][-]{subsection.a.A.2.3}{\376\377\016\001\016\062\016\043\016\103\016\012\016\111\016\100\016\041\016\027\016\043\016\064\016\001\016\013\016\114\016\052\016\063\016\053\016\043\016\061\016\032\016\027\016\044\016\051\016\016\016\065\016\001\016\043\016\062\016\037\016\100\016\032\016\067\016\111\016\055\016\007\016\025\016\111\016\031}{section.a.A.2}% 84
\BOOKMARK [1][-]{section.a.A.3}{\376\377\016\004\016\047\016\062\016\041\016\031\016\110\016\062\016\010\016\060\016\100\016\033\016\107\016\031\016\100\016\032\016\067\016\111\016\055\016\007\016\025\016\111\016\031}{appendix.a.A}% 85
\BOOKMARK [2][-]{subsection.a.A.3.1}{\376\377\016\101\016\031\016\047\016\004\016\064\016\024\016\025\016\061\016\111\016\007\016\025\016\111\016\031\016\052\016\063\016\053\016\043\016\061\016\032\016\004\016\047\016\062\016\041\016\031\016\110\016\062\016\010\016\060\016\100\016\033\016\107\016\031}{section.a.A.3}% 86
\BOOKMARK [2][-]{subsection.a.A.3.2}{\376\377\016\025\016\061\016\047\016\101\016\033\016\043\016\052\016\070\016\110\016\041\000\040\016\004\016\110\016\062\016\004\016\062\016\024\016\053\016\047\016\061\016\007\000\040\016\004\016\047\016\062\016\041\016\055\016\064\016\052\016\043\016\060}{section.a.A.3}% 87
\BOOKMARK [2][-]{subsection.a.A.3.3}{\376\377\016\001\016\017\016\002\016\055\016\007\016\100\016\032\016\042\016\114}{section.a.A.3}% 88
\BOOKMARK [2][-]{subsection.a.A.3.4}{\376\377\016\001\016\062\016\043\016\101\016\010\016\001\016\101\016\010\016\007\016\004\016\047\016\062\016\041\016\031\016\110\016\062\016\010\016\060\016\100\016\033\016\107\016\031}{section.a.A.3}% 89
\BOOKMARK [1][-]{section.a.A.4}{\376\377\016\036\016\067\016\111\016\031\016\020\016\062\016\031\016\001\016\062\016\043\016\103\016\053\016\111\016\100\016\053\016\025\016\070\016\034\016\045\016\100\016\012\016\064\016\007\016\033\016\043\016\064\016\041\016\062\016\023}{appendix.a.A}% 90
\BOOKMARK [2][-]{subsection.a.A.4.1}{\376\377\016\027\016\061\016\001\016\051\016\060\016\001\016\062\016\043\016\101\016\033\016\043\016\004\016\063\016\036\016\071\016\024\016\100\016\033\016\107\016\031\016\031\016\064\016\036\016\010\016\031\016\114\016\027\016\062\016\007\016\004\016\023\016\064\016\025\016\050\016\062\016\052\016\025\016\043\016\114}{section.a.A.4}% 91
\BOOKMARK [2][-]{subsection.a.A.4.2}{\376\377\016\001\016\062\016\043\016\100\016\002\016\111\016\062\016\103\016\010\016\010\016\070\016\024\016\033\016\043\016\060\016\052\016\007\016\004\016\114\016\101\016\045\016\060\016\100\016\007\016\067\016\110\016\055\016\031\016\104\016\002\016\002\016\055\016\007\016\033\016\061\016\015\016\053\016\062}{section.a.A.4}% 92
\BOOKMARK [0][-]{appendix.a.B}{\376\377\000H\000o\000m\000e\000w\000o\000r\000k}{chapter*.2}% 93
\BOOKMARK [0][-]{appendix.a.C}{\376\377\000Q\000u\000i\000z}{chapter*.2}% 94
\BOOKMARK [-1][-]{section*.91}{\376\377\000B\000i\000b\000l\000i\000o\000g\000r\000a\000p\000h\000y}{}% 95
\BOOKMARK [-1][-]{appendix*.93}{\376\377\000A\000n\000a\000l\000y\000t\000i\000c\000\040\000I\000n\000d\000e\000x}{}% 96
